<?xml version="1.0" encoding="UTF-8"?>
<coverage generated="1601640947">
  <project timestamp="1601640947">
    <file name="/Users/hyungju/Projects/readable/src/ReadableURL.php">
      <class name="HyungJu\ReadableURL" namespace="global">
        <metrics complexity="16" methods="4" coveredmethods="1" conditionals="0" coveredconditionals="0" statements="37" coveredstatements="22" elements="41" coveredelements="23"/>
      </class>
      <line num="27" type="method" name="__construct" visibility="public" complexity="3" crap="3.05" count="2"/>
      <line num="29" type="stmt" count="2"/>
      <line num="30" type="stmt" count="0"/>
      <line num="31" type="stmt" count="2"/>
      <line num="32" type="stmt" count="0"/>
      <line num="35" type="stmt" count="2"/>
      <line num="36" type="stmt" count="2"/>
      <line num="37" type="stmt" count="2"/>
      <line num="39" type="stmt" count="2"/>
      <line num="40" type="stmt" count="2"/>
      <line num="41" type="stmt" count="2"/>
      <line num="42" type="stmt" count="2"/>
      <line num="50" type="method" name="convertToTitleCase" visibility="private" complexity="2" crap="2" count="2"/>
      <line num="52" type="stmt" count="2"/>
      <line num="53" type="stmt" count="2"/>
      <line num="56" type="stmt" count="2"/>
      <line num="64" type="method" name="generate" visibility="public" complexity="10" crap="24.37" count="1"/>
      <line num="66" type="stmt" count="1"/>
      <line num="68" type="stmt" count="1"/>
      <line num="69" type="stmt" count="1"/>
      <line num="71" type="stmt" count="1"/>
      <line num="72" type="stmt" count="0"/>
      <line num="73" type="stmt" count="0"/>
      <line num="76" type="stmt" count="1"/>
      <line num="77" type="stmt" count="1"/>
      <line num="79" type="stmt" count="1"/>
      <line num="80" type="stmt" count="0"/>
      <line num="81" type="stmt" count="0"/>
      <line num="83" type="stmt" count="0"/>
      <line num="84" type="stmt" count="0"/>
      <line num="85" type="stmt" count="0"/>
      <line num="86" type="stmt" count="0"/>
      <line num="90" type="stmt" count="0"/>
      <line num="91" type="stmt" count="0"/>
      <line num="93" type="stmt" count="0"/>
      <line num="98" type="stmt" count="1"/>
      <line num="99" type="stmt" count="1"/>
      <line num="102" type="stmt" count="1"/>
      <line num="114" type="method" name="gen" visibility="public" complexity="1" crap="2" count="0"/>
      <line num="115" type="stmt" count="0"/>
      <line num="116" type="stmt" count="0"/>
      <metrics loc="119" ncloc="87" classes="1" methods="4" coveredmethods="1" conditionals="0" coveredconditionals="0" statements="37" coveredstatements="22" elements="41" coveredelements="23"/>
    </file>
    <metrics files="1" loc="119" ncloc="87" classes="1" methods="4" coveredmethods="1" conditionals="0" coveredconditionals="0" statements="37" coveredstatements="22" elements="41" coveredelements="23"/>
  </project>
</coverage>
